mode: set
github.com/nkhumphreys/gobananas/blog.go:20.72,26.2 1 1
github.com/nkhumphreys/gobananas/blog.go:42.29,67.2 10 1
github.com/nkhumphreys/gobananas/blog.go:69.13,70.42 1 0
github.com/nkhumphreys/gobananas/blog.go:73.2,78.35 4 0
github.com/nkhumphreys/gobananas/blog.go:70.42,72.3 1 0
github.com/nkhumphreys/gobananas/blog.go:82.67,84.2 1 1
github.com/nkhumphreys/gobananas/blog.go:87.67,93.34 5 1
github.com/nkhumphreys/gobananas/blog.go:103.2,123.54 5 1
github.com/nkhumphreys/gobananas/blog.go:93.34,95.17 2 1
github.com/nkhumphreys/gobananas/blog.go:95.17,98.4 2 0
github.com/nkhumphreys/gobananas/blog.go:99.3,101.3 1 1
github.com/nkhumphreys/gobananas/blog.go:127.67,131.16 3 1
github.com/nkhumphreys/gobananas/blog.go:136.2,147.49 4 1
github.com/nkhumphreys/gobananas/blog.go:131.16,134.3 2 0
github.com/nkhumphreys/gobananas/blog.go:151.70,153.2 1 1
github.com/nkhumphreys/gobananas/blog.go:156.71,161.16 4 1
github.com/nkhumphreys/gobananas/blog.go:165.2,166.46 2 1
github.com/nkhumphreys/gobananas/blog.go:161.16,164.3 2 0
github.com/nkhumphreys/gobananas/blog.go:170.68,172.74 2 1
github.com/nkhumphreys/gobananas/blog.go:176.2,176.13 1 1
github.com/nkhumphreys/gobananas/blog.go:172.74,175.3 2 0
github.com/nkhumphreys/gobananas/blog.go:181.66,182.29 1 1
github.com/nkhumphreys/gobananas/blog.go:186.2,189.17 3 1
github.com/nkhumphreys/gobananas/blog.go:194.2,195.16 2 1
github.com/nkhumphreys/gobananas/blog.go:198.2,200.22 3 1
github.com/nkhumphreys/gobananas/blog.go:182.29,184.3 1 0
github.com/nkhumphreys/gobananas/blog.go:189.17,192.3 2 0
github.com/nkhumphreys/gobananas/blog.go:195.16,197.3 1 0
github.com/nkhumphreys/gobananas/blog.go:204.69,205.29 1 1
github.com/nkhumphreys/gobananas/blog.go:209.2,212.16 3 1
github.com/nkhumphreys/gobananas/blog.go:217.2,220.16 3 1
github.com/nkhumphreys/gobananas/blog.go:224.2,225.26 2 1
github.com/nkhumphreys/gobananas/blog.go:205.29,207.3 1 0
github.com/nkhumphreys/gobananas/blog.go:212.16,215.3 2 0
github.com/nkhumphreys/gobananas/blog.go:220.16,222.3 1 0
github.com/nkhumphreys/gobananas/blog.go:229.82,235.16 3 1
github.com/nkhumphreys/gobananas/blog.go:240.2,243.16 3 1
github.com/nkhumphreys/gobananas/blog.go:248.2,252.16 3 1
github.com/nkhumphreys/gobananas/blog.go:256.2,257.21 2 1
github.com/nkhumphreys/gobananas/blog.go:235.16,238.3 2 0
github.com/nkhumphreys/gobananas/blog.go:243.16,246.3 2 0
github.com/nkhumphreys/gobananas/blog.go:252.16,254.3 1 0
github.com/nkhumphreys/gobananas/database.go:28.40,30.2 1 1
github.com/nkhumphreys/gobananas/database.go:32.46,33.23 1 1
github.com/nkhumphreys/gobananas/database.go:33.23,36.3 2 0
github.com/nkhumphreys/gobananas/database.go:36.3,38.3 1 1
github.com/nkhumphreys/gobananas/database.go:45.24,68.2 13 1
github.com/nkhumphreys/gobananas/database.go:70.46,71.16 1 1
github.com/nkhumphreys/gobananas/database.go:71.16,73.3 1 0
github.com/nkhumphreys/gobananas/database.go:76.45,79.2 2 1
github.com/nkhumphreys/gobananas/database.go:82.35,89.2 4 1
github.com/nkhumphreys/gobananas/database.go:92.43,100.2 4 1
github.com/nkhumphreys/gobananas/database.go:103.47,115.2 5 1
github.com/nkhumphreys/gobananas/database.go:118.40,127.2 5 1
github.com/nkhumphreys/gobananas/database.go:130.38,138.2 5 1
github.com/nkhumphreys/gobananas/database.go:141.37,147.2 4 1
github.com/nkhumphreys/gobananas/database.go:150.53,159.2 5 1
