mode: set
github.com/nkhumphreys/gobananas/blog.go:21.72,27.2 1 1
github.com/nkhumphreys/gobananas/blog.go:43.29,68.2 10 1
github.com/nkhumphreys/gobananas/blog.go:70.13,71.40 1 0
github.com/nkhumphreys/gobananas/blog.go:74.2,79.35 4 0
github.com/nkhumphreys/gobananas/blog.go:71.40,73.3 1 0
github.com/nkhumphreys/gobananas/blog.go:83.67,85.2 1 1
github.com/nkhumphreys/gobananas/blog.go:88.67,94.34 5 1
github.com/nkhumphreys/gobananas/blog.go:104.2,124.53 5 1
github.com/nkhumphreys/gobananas/blog.go:94.34,96.17 2 1
github.com/nkhumphreys/gobananas/blog.go:96.17,99.4 2 0
github.com/nkhumphreys/gobananas/blog.go:100.3,102.3 1 1
github.com/nkhumphreys/gobananas/blog.go:128.67,132.16 3 1
github.com/nkhumphreys/gobananas/blog.go:137.2,148.48 4 1
github.com/nkhumphreys/gobananas/blog.go:132.16,135.3 2 0
github.com/nkhumphreys/gobananas/blog.go:152.70,154.2 1 1
github.com/nkhumphreys/gobananas/blog.go:157.71,162.16 4 1
github.com/nkhumphreys/gobananas/blog.go:166.2,167.46 2 1
github.com/nkhumphreys/gobananas/blog.go:162.16,165.3 2 0
github.com/nkhumphreys/gobananas/blog.go:171.68,173.52 2 1
github.com/nkhumphreys/gobananas/blog.go:177.2,177.13 1 1
github.com/nkhumphreys/gobananas/blog.go:173.52,176.3 2 0
github.com/nkhumphreys/gobananas/blog.go:182.66,183.29 1 1
github.com/nkhumphreys/gobananas/blog.go:187.2,190.17 3 1
github.com/nkhumphreys/gobananas/blog.go:195.2,196.16 2 1
github.com/nkhumphreys/gobananas/blog.go:199.2,201.22 3 1
github.com/nkhumphreys/gobananas/blog.go:183.29,185.3 1 0
github.com/nkhumphreys/gobananas/blog.go:190.17,193.3 2 0
github.com/nkhumphreys/gobananas/blog.go:196.16,198.3 1 0
github.com/nkhumphreys/gobananas/blog.go:205.69,206.29 1 1
github.com/nkhumphreys/gobananas/blog.go:210.2,213.16 3 1
github.com/nkhumphreys/gobananas/blog.go:218.2,221.16 3 1
github.com/nkhumphreys/gobananas/blog.go:225.2,226.26 2 1
github.com/nkhumphreys/gobananas/blog.go:206.29,208.3 1 0
github.com/nkhumphreys/gobananas/blog.go:213.16,216.3 2 0
github.com/nkhumphreys/gobananas/blog.go:221.16,223.3 1 0
github.com/nkhumphreys/gobananas/blog.go:230.82,236.16 3 1
github.com/nkhumphreys/gobananas/blog.go:241.2,244.16 3 1
github.com/nkhumphreys/gobananas/blog.go:249.2,253.16 3 1
github.com/nkhumphreys/gobananas/blog.go:257.2,258.21 2 1
github.com/nkhumphreys/gobananas/blog.go:236.16,239.3 2 0
github.com/nkhumphreys/gobananas/blog.go:244.16,247.3 2 0
github.com/nkhumphreys/gobananas/blog.go:253.16,255.3 1 0
github.com/nkhumphreys/gobananas/database.go:29.40,31.2 1 1
github.com/nkhumphreys/gobananas/database.go:35.46,36.23 1 0
github.com/nkhumphreys/gobananas/database.go:40.2,40.30 1 0
github.com/nkhumphreys/gobananas/database.go:36.23,39.3 2 0
github.com/nkhumphreys/gobananas/database.go:47.24,70.2 13 1
github.com/nkhumphreys/gobananas/database.go:72.46,73.16 1 1
github.com/nkhumphreys/gobananas/database.go:73.16,75.3 1 0
github.com/nkhumphreys/gobananas/database.go:78.45,81.2 2 1
github.com/nkhumphreys/gobananas/database.go:84.35,91.2 4 1
github.com/nkhumphreys/gobananas/database.go:94.43,102.2 4 1
github.com/nkhumphreys/gobananas/database.go:105.47,117.2 5 1
github.com/nkhumphreys/gobananas/database.go:120.40,129.2 5 1
github.com/nkhumphreys/gobananas/database.go:132.38,140.2 5 1
github.com/nkhumphreys/gobananas/database.go:143.37,149.2 4 1
github.com/nkhumphreys/gobananas/database.go:152.53,161.2 5 1
